#! /c/Source/iverilog-install/bin/vvp
:ivl_version "12.0 (devel)" "(s20150603-1539-g2693dd32b)";
:ivl_delay_selection "TYPICAL";
:vpi_time_precision + 0;
:vpi_module "C:\PROGRA~1\iverilog\lib\ivl\system.vpi";
:vpi_module "C:\PROGRA~1\iverilog\lib\ivl\vhdl_sys.vpi";
:vpi_module "C:\PROGRA~1\iverilog\lib\ivl\vhdl_textio.vpi";
:vpi_module "C:\PROGRA~1\iverilog\lib\ivl\v2005_math.vpi";
:vpi_module "C:\PROGRA~1\iverilog\lib\ivl\va_math.vpi";
S_000002209a645800 .scope module, "xor_tb" "xor_tb" 2 3;
 .timescale 0 0;
v000002209a645bc0_0 .var "a", 0 0;
v000002209a5fba80_0 .var "b", 0 0;
v000002209a5fbb20_0 .net "out", 0 0, L_000002209a6133a0;  1 drivers
S_000002209a645990 .scope module, "G1" "xor_gate" 2 8, 3 1 0, S_000002209a645800;
 .timescale 0 0;
    .port_info 0 /INPUT 1 "a";
    .port_info 1 /INPUT 1 "b";
    .port_info 2 /OUTPUT 1 "out";
L_000002209a6133a0 .functor XOR 1, v000002209a645bc0_0, v000002209a5fba80_0, C4<0>, C4<0>;
v000002209a6135c0_0 .net "a", 0 0, v000002209a645bc0_0;  1 drivers
v000002209a613120_0 .net "b", 0 0, v000002209a5fba80_0;  1 drivers
v000002209a645b20_0 .net "out", 0 0, L_000002209a6133a0;  alias, 1 drivers
    .scope S_000002209a645800;
T_0 ;
    %vpi_call 2 12 "$dumpfile", "xor_tb.vcd" {0 0 0};
    %vpi_call 2 13 "$dumpvars", 32'sb00000000000000000000000000000000, S_000002209a645800 {0 0 0};
    %pushi/vec4 0, 0, 1;
    %store/vec4 v000002209a645bc0_0, 0, 1;
    %pushi/vec4 0, 0, 1;
    %store/vec4 v000002209a5fba80_0, 0, 1;
    %delay 10, 0;
    %pushi/vec4 0, 0, 1;
    %store/vec4 v000002209a645bc0_0, 0, 1;
    %pushi/vec4 1, 0, 1;
    %store/vec4 v000002209a5fba80_0, 0, 1;
    %delay 10, 0;
    %pushi/vec4 1, 0, 1;
    %store/vec4 v000002209a645bc0_0, 0, 1;
    %pushi/vec4 0, 0, 1;
    %store/vec4 v000002209a5fba80_0, 0, 1;
    %delay 10, 0;
    %pushi/vec4 1, 0, 1;
    %store/vec4 v000002209a645bc0_0, 0, 1;
    %pushi/vec4 1, 0, 1;
    %store/vec4 v000002209a5fba80_0, 0, 1;
    %delay 10, 0;
    %end;
    .thread T_0;
# The file index is used to find the file name in the following table.
:file_names 4;
    "N/A";
    "<interactive>";
    "xor_tb.v";
    "./xor.v";
