#! /c/Source/iverilog-install/bin/vvp
:ivl_version "12.0 (devel)" "(s20150603-1539-g2693dd32b)";
:ivl_delay_selection "TYPICAL";
:vpi_time_precision + 0;
:vpi_module "C:\PROGRA~1\iverilog\lib\ivl\system.vpi";
:vpi_module "C:\PROGRA~1\iverilog\lib\ivl\vhdl_sys.vpi";
:vpi_module "C:\PROGRA~1\iverilog\lib\ivl\vhdl_textio.vpi";
:vpi_module "C:\PROGRA~1\iverilog\lib\ivl\v2005_math.vpi";
:vpi_module "C:\PROGRA~1\iverilog\lib\ivl\va_math.vpi";
S_000002f2a8c12740 .scope module, "and_gate" "and_gate" 2 1;
 .timescale 0 0;
    .port_info 0 /INPUT 1 "a";
    .port_info 1 /INPUT 1 "b";
    .port_info 2 /OUTPUT 1 "out";
o000002f2a8c469b8 .functor BUFZ 1, C4<z>; HiZ drive
o000002f2a8c469e8 .functor BUFZ 1, C4<z>; HiZ drive
L_000002f2a8c12da0 .functor AND 1, o000002f2a8c469b8, o000002f2a8c469e8, C4<1>, C4<1>;
v000002f2a8c12fc0_0 .net "a", 0 0, o000002f2a8c469b8;  0 drivers
v000002f2a8c131e0_0 .net "b", 0 0, o000002f2a8c469e8;  0 drivers
v000002f2a8bfef10_0 .net "out", 0 0, L_000002f2a8c12da0;  1 drivers
# The file index is used to find the file name in the following table.
:file_names 3;
    "N/A";
    "<interactive>";
    "and.v";
